Using pre-set license
Built from '2022.3/staging' branch; Version is '2022.3.29f1 (8d510ca76d2b) revision 9261324'; Using compiler version '192829333'; Build Type 'Release'
OS: 'Windows 10  (10.0.19045) 64bit Enterprise' Language: 'sv' Physical Memory: 16112 MB
BatchMode: 1, IsHumanControllingUs: 0, StartBugReporterOnCrash: 0, Is64bit: 1, IsPro: 1

COMMAND LINE ARGUMENTS:
C:\Program Files\Unity\Hub\Editor\2022.3.29f1\Editor\Unity.exe
-adb2
-batchMode
-noUpm
-name
AssetImportWorker1
-projectPath
C:/Users/06hugben/Documents/GitHub/WEU2-instruduktionshemsida/HBinstructions1
-logFile
Logs/AssetImportWorker1.log
-srvPort
51187
Successfully changed project path to: C:/Users/06hugben/Documents/GitHub/WEU2-instruduktionshemsida/HBinstructions1
C:/Users/06hugben/Documents/GitHub/WEU2-instruduktionshemsida/HBinstructions1
[UnityMemory] Configuration Parameters - Can be set up in boot.config
    "memorysetup-bucket-allocator-granularity=16"
    "memorysetup-bucket-allocator-bucket-count=8"
    "memorysetup-bucket-allocator-block-size=33554432"
    "memorysetup-bucket-allocator-block-count=8"
    "memorysetup-main-allocator-block-size=16777216"
    "memorysetup-thread-allocator-block-size=16777216"
    "memorysetup-gfx-main-allocator-block-size=16777216"
    "memorysetup-gfx-thread-allocator-block-size=16777216"
    "memorysetup-cache-allocator-block-size=4194304"
    "memorysetup-typetree-allocator-block-size=2097152"
    "memorysetup-profiler-bucket-allocator-granularity=16"
    "memorysetup-profiler-bucket-allocator-bucket-count=8"
    "memorysetup-profiler-bucket-allocator-block-size=33554432"
    "memorysetup-profiler-bucket-allocator-block-count=8"
    "memorysetup-profiler-allocator-block-size=16777216"
    "memorysetup-profiler-editor-allocator-block-size=1048576"
    "memorysetup-temp-allocator-size-main=16777216"
    "memorysetup-job-temp-allocator-block-size=2097152"
    "memorysetup-job-temp-allocator-block-size-background=1048576"
    "memorysetup-job-temp-allocator-reduction-small-platforms=262144"
    "memorysetup-allocator-temp-initial-block-size-main=262144"
    "memorysetup-allocator-temp-initial-block-size-worker=262144"
    "memorysetup-temp-allocator-size-background-worker=32768"
    "memorysetup-temp-allocator-size-job-worker=262144"
    "memorysetup-temp-allocator-size-preload-manager=33554432"
    "memorysetup-temp-allocator-size-nav-mesh-worker=65536"
    "memorysetup-temp-allocator-size-audio-worker=65536"
    "memorysetup-temp-allocator-size-cloud-worker=32768"
    "memorysetup-temp-allocator-size-gi-baking-worker=262144"
    "memorysetup-temp-allocator-size-gfx=262144"
Player connection [1164] Host "[IP] 192.168.56.1 [Port] 0 [Flags] 2 [Guid] 3079398727 [EditorId] 3079398727 [Version] 1048832 [Id] WindowsEditor(7,WIN-7MT7ED4PFJM) [Debug] 1 [PackageName] WindowsEditor [ProjectName] Editor" joined multi-casting on [225.0.0.222:54997]...

Player connection [1164] Host "[IP] 192.168.56.1 [Port] 0 [Flags] 2 [Guid] 3079398727 [EditorId] 3079398727 [Version] 1048832 [Id] WindowsEditor(7,WIN-7MT7ED4PFJM) [Debug] 1 [PackageName] WindowsEditor [ProjectName] Editor" joined alternative multi-casting on [225.0.0.222:34997]...

[Physics::Module] Initialized MultithreadedJobDispatcher with 7 workers.
Refreshing native plugins compatible for Editor in 51.87 ms, found 3 plugins.
Preloading 0 native plugins for Editor in 0.00 ms.
Initialize engine version: 2022.3.29f1 (8d510ca76d2b)
[Subsystems] Discovering subsystems at path C:/Program Files/Unity/Hub/Editor/2022.3.29f1/Editor/Data/Resources/UnitySubsystems
[Subsystems] Discovering subsystems at path C:/Users/06hugben/Documents/GitHub/WEU2-instruduktionshemsida/HBinstructions1/Assets
GfxDevice: creating device client; threaded=0; jobified=0
Direct3D:
    Version:  Direct3D 11.0 [level 11.1]
    Renderer: NVIDIA T500 (ID=0x1fbb)
    Vendor:   NVIDIA
    VRAM:     3946 MB
    Driver:   32.0.15.6624
Initialize mono
Mono path[0] = 'C:/Program Files/Unity/Hub/Editor/2022.3.29f1/Editor/Data/Managed'
Mono path[1] = 'C:/Program Files/Unity/Hub/Editor/2022.3.29f1/Editor/Data/MonoBleedingEdge/lib/mono/unityjit-win32'
Mono config path = 'C:/Program Files/Unity/Hub/Editor/2022.3.29f1/Editor/Data/MonoBleedingEdge/etc'
Using monoOptions --debugger-agent=transport=dt_socket,embedding=1,server=y,suspend=n,address=127.0.0.1:56928
Begin MonoManager ReloadAssembly
Registering precompiled unity dll's ...
Register platform support module: C:/Program Files/Unity/Hub/Editor/2022.3.29f1/Editor/Data/PlaybackEngines/WebGLSupport/UnityEditor.WebGL.Extensions.dll
Register platform support module: C:/Program Files/Unity/Hub/Editor/2022.3.29f1/Editor/Data/PlaybackEngines/WindowsStandaloneSupport/UnityEditor.WindowsStandalone.Extensions.dll
Registered in 0.053859 seconds.
- Loaded All Assemblies, in  1.670 seconds
Native extension for WindowsStandalone target not found
Native extension for WebGL target not found
Mono: successfully reloaded assembly
- Finished resetting the current domain, in  1.209 seconds
Domain Reload Profiling: 2869ms
	BeginReloadAssembly (489ms)
		ExecutionOrderSort (0ms)
		DisableScriptedObjects (0ms)
		BackupInstance (0ms)
		ReleaseScriptingObjects (0ms)
		CreateAndSetChildDomain (3ms)
	RebuildCommonClasses (183ms)
	RebuildNativeTypeToScriptingClass (54ms)
	initialDomainReloadingComplete (268ms)
	LoadAllAssembliesAndSetupDomain (664ms)
		LoadAssemblies (480ms)
		RebuildTransferFunctionScriptingTraits (0ms)
		AnalyzeDomain (651ms)
			TypeCache.Refresh (646ms)
				TypeCache.ScanAssembly (579ms)
			ScanForSourceGeneratedMonoScriptInfo (2ms)
			ResolveRequiredComponents (2ms)
	FinalizeReload (1210ms)
		ReleaseScriptCaches (0ms)
		RebuildScriptCaches (0ms)
		SetupLoadedEditorAssemblies (981ms)
			LogAssemblyErrors (0ms)
			InitializePlatformSupportModulesInManaged (57ms)
			SetLoadedEditorAssemblies (22ms)
			RefreshPlugins (0ms)
			BeforeProcessingInitializeOnLoad (8ms)
			ProcessInitializeOnLoadAttributes (679ms)
			ProcessInitializeOnLoadMethodAttributes (215ms)
			AfterProcessingInitializeOnLoad (0ms)
			EditorAssembliesLoaded (0ms)
		ExecutionOrderSort2 (0ms)
		AwakeInstancesAfterBackupRestoration (0ms)
========================================================================
Worker process is ready to serve import requests
Begin MonoManager ReloadAssembly
- Loaded All Assemblies, in  2.799 seconds
Refreshing native plugins compatible for Editor in 23.46 ms, found 3 plugins.
Native extension for WindowsStandalone target not found
Native extension for WebGL target not found
Mono: successfully reloaded assembly
- Finished resetting the current domain, in  2.553 seconds
Domain Reload Profiling: 5339ms
	BeginReloadAssembly (625ms)
		ExecutionOrderSort (0ms)
		DisableScriptedObjects (37ms)
		BackupInstance (0ms)
		ReleaseScriptingObjects (0ms)
		CreateAndSetChildDomain (70ms)
	RebuildCommonClasses (156ms)
	RebuildNativeTypeToScriptingClass (40ms)
	initialDomainReloadingComplete (194ms)
	LoadAllAssembliesAndSetupDomain (1769ms)
		LoadAssemblies (1293ms)
		RebuildTransferFunctionScriptingTraits (0ms)
		AnalyzeDomain (836ms)
			TypeCache.Refresh (742ms)
				TypeCache.ScanAssembly (676ms)
			ScanForSourceGeneratedMonoScriptInfo (62ms)
			ResolveRequiredComponents (26ms)
	FinalizeReload (2555ms)
		ReleaseScriptCaches (0ms)
		RebuildScriptCaches (0ms)
		SetupLoadedEditorAssemblies (1894ms)
			LogAssemblyErrors (0ms)
			InitializePlatformSupportModulesInManaged (53ms)
			SetLoadedEditorAssemblies (12ms)
			RefreshPlugins (0ms)
			BeforeProcessingInitializeOnLoad (299ms)
			ProcessInitializeOnLoadAttributes (1391ms)
			ProcessInitializeOnLoadMethodAttributes (95ms)
			AfterProcessingInitializeOnLoad (43ms)
			EditorAssembliesLoaded (1ms)
		ExecutionOrderSort2 (0ms)
		AwakeInstancesAfterBackupRestoration (22ms)
Launched and connected shader compiler UnityShaderCompiler.exe after 0.20 seconds
Refreshing native plugins compatible for Editor in 19.51 ms, found 3 plugins.
Preloading 0 native plugins for Editor in 0.00 ms.
Unloading 3126 Unused Serialized files (Serialized files now loaded: 0)
Unloading 34 unused Assets / (57.7 KB). Loaded Objects now: 3586.
Memory consumption went from 119.6 MB to 119.6 MB.
Total: 13.791100 ms (FindLiveObjects: 0.718100 ms CreateObjectMapping: 0.755000 ms MarkObjects: 11.958700 ms  DeleteObjects: 0.356000 ms)

AssetImportParameters requested are different than current active one (requested -> active):
  custom:container-demuxer-ogg: 62fdf1f143b41e24485cea50d1cbac27 -> 
  custom:video-decoder-ogg-theora: a1e56fd34408186e4bbccfd4996cb3dc -> 
  custom:framework-win-MediaFoundation: 216162199b28c13a410421893ffa2e32 -> 
  custom:CustomObjectIndexerAttribute: 9a22284fe3817be447336de3de66b15e -> 
  custom:container-demuxer-webm: 4f35f7cbe854078d1ac9338744f61a02 -> 
  custom:container-muxer-webm: aa71ff27fc2769a1b78a27578f13a17b -> 
  custom:video-decoder-webm-vp8: 9c59270c3fd7afecdb556c50c9e8de78 -> 
  custom:SearchIndexIgnoredProperties: e643bd26f0fe6173181afceb89e7c659 -> 
  custom:AudioImporter_EditorPlatform: d09bf68614088b80899f8185d706f6e7 -> 
  custom:video-encoder-webm-vp8: eb34c28f22e8b96e1ab97ce403110664 -> 
  custom:audio-decoder-ogg-vorbis: bf7c407c2cedff20999df2af8eb42d56 -> 
  custom:audio-encoder-webm-vorbis: bf7c407c2cedff20999df2af8eb42d56 -> 
========================================================================
Received Import Request.
  Time since last request: 3460.901308 seconds.
  path: Assets/YughuesFreeGroundMaterials/Textures/T_YFGM_SoilGravel02_s.tga
  artifactKey: Guid(5730cda2497c7b14b8969b4782edcaf2) Importer(815301076,1909f56bfc062723c751e8b465ee728b)
Start importing Assets/YughuesFreeGroundMaterials/Textures/T_YFGM_SoilGravel02_s.tga using Guid(5730cda2497c7b14b8969b4782edcaf2) Importer(815301076,1909f56bfc062723c751e8b465ee728b)  -> (artifact id: 'ccd738c1a3b170dd464c1457f38eccc0') in 0.353362 seconds
Number of updated asset objects reloaded before import = 0
Number of asset objects unloaded after import = 2
========================================================================
Received Import Request.
  Time since last request: 0.000160 seconds.
  path: Assets/YughuesFreeGroundMaterials/Textures/T_YFGM_SoilWeeds_s.tga
  artifactKey: Guid(4868a900fd4a15a40865fd7a774d01de) Importer(815301076,1909f56bfc062723c751e8b465ee728b)
Start importing Assets/YughuesFreeGroundMaterials/Textures/T_YFGM_SoilWeeds_s.tga using Guid(4868a900fd4a15a40865fd7a774d01de) Importer(815301076,1909f56bfc062723c751e8b465ee728b)  -> (artifact id: 'da5d083baffd9c948d5be15897734a5e') in 0.075603 seconds
Number of updated asset objects reloaded before import = 0
Number of asset objects unloaded after import = 2
========================================================================
Received Import Request.
  Time since last request: 0.000062 seconds.
  path: Assets/YughuesFreeGroundMaterials/Textures/T_YFGM_SoilGravel01_n.tga
  artifactKey: Guid(ec73f91e9407c3c4a941519a019c780b) Importer(815301076,1909f56bfc062723c751e8b465ee728b)
Start importing Assets/YughuesFreeGroundMaterials/Textures/T_YFGM_SoilGravel01_n.tga using Guid(ec73f91e9407c3c4a941519a019c780b) Importer(815301076,1909f56bfc062723c751e8b465ee728b)  -> (artifact id: 'e6b4097147f8e604744368c50898c38a') in 0.223917 seconds
Number of updated asset objects reloaded before import = 0
Number of asset objects unloaded after import = 2
========================================================================
Received Import Request.
  Time since last request: 0.000050 seconds.
  path: Assets/YughuesFreeGroundMaterials/Textures/T_YFGM_SandySoil_s.tga
  artifactKey: Guid(06559c58ad01ae540b9b525b532a025d) Importer(815301076,1909f56bfc062723c751e8b465ee728b)
Start importing Assets/YughuesFreeGroundMaterials/Textures/T_YFGM_SandySoil_s.tga using Guid(06559c58ad01ae540b9b525b532a025d) Importer(815301076,1909f56bfc062723c751e8b465ee728b)  -> (artifact id: '585a79f217a827c835ee7d74c42a3322') in 0.063215 seconds
Number of updated asset objects reloaded before import = 0
Number of asset objects unloaded after import = 2
========================================================================
Received Import Request.
  Time since last request: 0.000060 seconds.
  path: Assets/YughuesFreeGroundMaterials/Textures/T_YFGM_SoilGravel01_s.tga
  artifactKey: Guid(28c14897ae802a147a963e288b91425e) Importer(815301076,1909f56bfc062723c751e8b465ee728b)
Start importing Assets/YughuesFreeGroundMaterials/Textures/T_YFGM_SoilGravel01_s.tga using Guid(28c14897ae802a147a963e288b91425e) Importer(815301076,1909f56bfc062723c751e8b465ee728b)  -> (artifact id: '3d29875c8c382b177145a4ceeed9ad95') in 0.064553 seconds
Number of updated asset objects reloaded before import = 0
Number of asset objects unloaded after import = 2
========================================================================
Received Import Request.
  Time since last request: 0.000035 seconds.
  path: Assets/YughuesFreeGroundMaterials/Textures/T_YFGM_SoilGravel01_d.tga
  artifactKey: Guid(1237c43b955e9114b9584e6c031d4f7c) Importer(815301076,1909f56bfc062723c751e8b465ee728b)
Start importing Assets/YughuesFreeGroundMaterials/Textures/T_YFGM_SoilGravel01_d.tga using Guid(1237c43b955e9114b9584e6c031d4f7c) Importer(815301076,1909f56bfc062723c751e8b465ee728b)  -> (artifact id: 'd77153bb53c95256b006b4abbbbe1de8') in 0.054110 seconds
Number of updated asset objects reloaded before import = 0
Number of asset objects unloaded after import = 2
========================================================================
Received Import Request.
  Time since last request: 0.000043 seconds.
  path: Assets/YughuesFreeGroundMaterials/Textures/T_YFGM_SoilWeeds_d.tga
  artifactKey: Guid(95f562bf706ffc64892f14787d6cfffb) Importer(815301076,1909f56bfc062723c751e8b465ee728b)
Start importing Assets/YughuesFreeGroundMaterials/Textures/T_YFGM_SoilWeeds_d.tga using Guid(95f562bf706ffc64892f14787d6cfffb) Importer(815301076,1909f56bfc062723c751e8b465ee728b)  -> (artifact id: '986ebe32d6a48bbcd014220585abdbd4') in 0.056747 seconds
Number of updated asset objects reloaded before import = 0
Number of asset objects unloaded after import = 2
========================================================================
Received Import Request.
  Time since last request: 0.000051 seconds.
  path: Assets/YughuesFreeGroundMaterials/Textures/T_YFGM_SoilMoss_n.tga
  artifactKey: Guid(2ed73659d93400045b6afdea43d7c6af) Importer(815301076,1909f56bfc062723c751e8b465ee728b)
Start importing Assets/YughuesFreeGroundMaterials/Textures/T_YFGM_SoilMoss_n.tga using Guid(2ed73659d93400045b6afdea43d7c6af) Importer(815301076,1909f56bfc062723c751e8b465ee728b)  -> (artifact id: 'd97c4be524e8eb9ffadf7e9f59b82c08') in 0.067747 seconds
Number of updated asset objects reloaded before import = 0
Number of asset objects unloaded after import = 2
========================================================================
Received Import Request.
  Time since last request: 0.000060 seconds.
  path: Assets/YughuesFreeGroundMaterials/Textures/T_YFGM_SoilGravel04_s.tga
  artifactKey: Guid(4eccf24495c7082478afb10630850f35) Importer(815301076,1909f56bfc062723c751e8b465ee728b)
Start importing Assets/YughuesFreeGroundMaterials/Textures/T_YFGM_SoilGravel04_s.tga using Guid(4eccf24495c7082478afb10630850f35) Importer(815301076,1909f56bfc062723c751e8b465ee728b)  -> (artifact id: '56991950ab7e4540522d29b5e7215ed8') in 0.068246 seconds
Number of updated asset objects reloaded before import = 0
Number of asset objects unloaded after import = 2
========================================================================
Received Import Request.
  Time since last request: 0.000048 seconds.
  path: Assets/YughuesFreeGroundMaterials/Textures/T_YFGM_SoilGravel02_n.tga
  artifactKey: Guid(3c2fc5c9472b0944b9ec1b361d40e0b6) Importer(815301076,1909f56bfc062723c751e8b465ee728b)
Start importing Assets/YughuesFreeGroundMaterials/Textures/T_YFGM_SoilGravel02_n.tga using Guid(3c2fc5c9472b0944b9ec1b361d40e0b6) Importer(815301076,1909f56bfc062723c751e8b465ee728b)  -> (artifact id: 'e747872a25948ee0ef7c93abdc1cd891') in 0.084488 seconds
Number of updated asset objects reloaded before import = 0
Number of asset objects unloaded after import = 2
========================================================================
Received Import Request.
  Time since last request: 0.000039 seconds.
  path: Assets/YughuesFreeGroundMaterials/Textures/T_YFGM_SoilMoss_d.tga
  artifactKey: Guid(2f852b915350da64c9c37fec45a50846) Importer(815301076,1909f56bfc062723c751e8b465ee728b)
Start importing Assets/YughuesFreeGroundMaterials/Textures/T_YFGM_SoilMoss_d.tga using Guid(2f852b915350da64c9c37fec45a50846) Importer(815301076,1909f56bfc062723c751e8b465ee728b)  -> (artifact id: '7516a7823ac5c3cebb7c9c99cdb2ec7f') in 0.061528 seconds
Number of updated asset objects reloaded before import = 0
Number of asset objects unloaded after import = 2
========================================================================
Received Import Request.
  Time since last request: 19.212830 seconds.
  path: Assets/YughuesFreeGroundMaterials/Materials/M_YFGM_Clay.mat
  artifactKey: Guid(8e490bc35d4fa2540b249fd6d8476937) Importer(815301076,1909f56bfc062723c751e8b465ee728b)
Start importing Assets/YughuesFreeGroundMaterials/Materials/M_YFGM_Clay.mat using Guid(8e490bc35d4fa2540b249fd6d8476937) Importer(815301076,1909f56bfc062723c751e8b465ee728b)  -> (artifact id: '87024a2d1bc531118c4304c69a6c3a1b') in 1.355601 seconds
Number of updated asset objects reloaded before import = 0
Number of asset objects unloaded after import = 4
========================================================================
Received Import Request.
  Time since last request: 0.000066 seconds.
  path: Assets/YughuesFreeGroundMaterials/Materials/M_YFGM_GroundStones02.mat
  artifactKey: Guid(8fb1b3ca155a46043b23d8477043017b) Importer(815301076,1909f56bfc062723c751e8b465ee728b)
Start importing Assets/YughuesFreeGroundMaterials/Materials/M_YFGM_GroundStones02.mat using Guid(8fb1b3ca155a46043b23d8477043017b) Importer(815301076,1909f56bfc062723c751e8b465ee728b)  -> (artifact id: '0b79c063bcf2e77ed93f2e1d44398041') in 0.066292 seconds
Number of updated asset objects reloaded before import = 0
Number of asset objects unloaded after import = 4
========================================================================
Received Import Request.
  Time since last request: 0.000081 seconds.
  path: Assets/YughuesFreeGroundMaterials/Materials/M_YFGM_Ground02.mat
  artifactKey: Guid(567ffde350fbcaf4b9c62a0177a09824) Importer(815301076,1909f56bfc062723c751e8b465ee728b)
Start importing Assets/YughuesFreeGroundMaterials/Materials/M_YFGM_Ground02.mat using Guid(567ffde350fbcaf4b9c62a0177a09824) Importer(815301076,1909f56bfc062723c751e8b465ee728b)  -> (artifact id: '2d3899c8bc19e9147edbc12f9a315bb0') in 0.065574 seconds
Number of updated asset objects reloaded before import = 0
Number of asset objects unloaded after import = 4
========================================================================
Received Import Request.
  Time since last request: 0.000050 seconds.
  path: Assets/YughuesFreeGroundMaterials/Materials/M_YFGM_Grass02.mat
  artifactKey: Guid(09a5c4bdc5750fc4197d54f53b0bd0d3) Importer(815301076,1909f56bfc062723c751e8b465ee728b)
Start importing Assets/YughuesFreeGroundMaterials/Materials/M_YFGM_Grass02.mat using Guid(09a5c4bdc5750fc4197d54f53b0bd0d3) Importer(815301076,1909f56bfc062723c751e8b465ee728b)  -> (artifact id: '32f27354d4f0fc29a0d5e6669e9fcd5d') in 0.059117 seconds
Number of updated asset objects reloaded before import = 0
Number of asset objects unloaded after import = 4
========================================================================
Received Import Request.
  Time since last request: 0.000044 seconds.
  path: Assets/YughuesFreeGroundMaterials/Materials/M_YFGM_Grass05.mat
  artifactKey: Guid(45eb7efec0c8f504285b382733758e52) Importer(815301076,1909f56bfc062723c751e8b465ee728b)
Start importing Assets/YughuesFreeGroundMaterials/Materials/M_YFGM_Grass05.mat using Guid(45eb7efec0c8f504285b382733758e52) Importer(815301076,1909f56bfc062723c751e8b465ee728b)  -> (artifact id: '2fddbf88e265f03fbe9779ab4194d6d0') in 0.081965 seconds
Number of updated asset objects reloaded before import = 0
Number of asset objects unloaded after import = 4
========================================================================
Received Import Request.
  Time since last request: 0.000052 seconds.
  path: Assets/YughuesFreeGroundMaterials/Materials/M_YFGM_Salt.mat
  artifactKey: Guid(c292d8b53c67f6940931191518ce7ea9) Importer(815301076,1909f56bfc062723c751e8b465ee728b)
Start importing Assets/YughuesFreeGroundMaterials/Materials/M_YFGM_Salt.mat using Guid(c292d8b53c67f6940931191518ce7ea9) Importer(815301076,1909f56bfc062723c751e8b465ee728b)  -> (artifact id: '22b3f59d8ca745f34d5d7cc5e4d15dc1') in 0.065787 seconds
Number of updated asset objects reloaded before import = 0
Number of asset objects unloaded after import = 4
========================================================================
Received Import Request.
  Time since last request: 0.000084 seconds.
  path: Assets/YughuesFreeGroundMaterials/Materials/M_YFGM_SoilGravel02.mat
  artifactKey: Guid(ca3c0a433ba5071419746bf35593518d) Importer(815301076,1909f56bfc062723c751e8b465ee728b)
Start importing Assets/YughuesFreeGroundMaterials/Materials/M_YFGM_SoilGravel02.mat using Guid(ca3c0a433ba5071419746bf35593518d) Importer(815301076,1909f56bfc062723c751e8b465ee728b)  -> (artifact id: '3e4fb61518a8fb7b3e650b1f3b1a192d') in 0.064317 seconds
Number of updated asset objects reloaded before import = 0
Number of asset objects unloaded after import = 4
========================================================================
Received Import Request.
  Time since last request: 0.000048 seconds.
  path: Assets/YughuesFreeGroundMaterials/Materials/M_YFGM_GroundStones01.mat
  artifactKey: Guid(b5d434b6712dd3441aef1195b53534a0) Importer(815301076,1909f56bfc062723c751e8b465ee728b)
Start importing Assets/YughuesFreeGroundMaterials/Materials/M_YFGM_GroundStones01.mat using Guid(b5d434b6712dd3441aef1195b53534a0) Importer(815301076,1909f56bfc062723c751e8b465ee728b)  -> (artifact id: 'f7ff1b39933dcd9f8e46dc5336152816') in 0.065712 seconds
Number of updated asset objects reloaded before import = 0
Number of asset objects unloaded after import = 4
========================================================================
Received Import Request.
  Time since last request: 0.000067 seconds.
  path: Assets/YughuesFreeGroundMaterials/Materials/M_YFGM_Ground01.mat
  artifactKey: Guid(da86e0e9da248f44685781dc53d77c8f) Importer(815301076,1909f56bfc062723c751e8b465ee728b)
Start importing Assets/YughuesFreeGroundMaterials/Materials/M_YFGM_Ground01.mat using Guid(da86e0e9da248f44685781dc53d77c8f) Importer(815301076,1909f56bfc062723c751e8b465ee728b)  -> (artifact id: '1fce849151245a1dfa84bc8f6947717f') in 0.068651 seconds
Number of updated asset objects reloaded before import = 0
Number of asset objects unloaded after import = 4
========================================================================
Received Import Request.
  Time since last request: 0.000034 seconds.
  path: Assets/YughuesFreeGroundMaterials/Materials/M_YFGM_Dry03.mat
  artifactKey: Guid(066c0a60af08e124696a712389daadf8) Importer(815301076,1909f56bfc062723c751e8b465ee728b)
Start importing Assets/YughuesFreeGroundMaterials/Materials/M_YFGM_Dry03.mat using Guid(066c0a60af08e124696a712389daadf8) Importer(815301076,1909f56bfc062723c751e8b465ee728b)  -> (artifact id: '80dd67de943a04ffaa1e452f02921848') in 0.081150 seconds
Number of updated asset objects reloaded before import = 0
Number of asset objects unloaded after import = 4
========================================================================
Received Import Request.
  Time since last request: 0.000051 seconds.
  path: Assets/YughuesFreeGroundMaterials/Materials/M_YFGM_Snow.mat
  artifactKey: Guid(ef69b84a48b60d24b8833d76a39a50f1) Importer(815301076,1909f56bfc062723c751e8b465ee728b)
Start importing Assets/YughuesFreeGroundMaterials/Materials/M_YFGM_Snow.mat using Guid(ef69b84a48b60d24b8833d76a39a50f1) Importer(815301076,1909f56bfc062723c751e8b465ee728b)  -> (artifact id: 'b150c555526db17851b48587ee528803') in 1.089680 seconds
Number of updated asset objects reloaded before import = 0
Number of asset objects unloaded after import = 2
========================================================================
Received Import Request.
  Time since last request: 0.000384 seconds.
  path: Assets/YughuesFreeGroundMaterials/Materials/M_YFGM_FrozenGrass.mat
  artifactKey: Guid(50a4cc89bae2d744b871b26775165cd0) Importer(815301076,1909f56bfc062723c751e8b465ee728b)
Start importing Assets/YughuesFreeGroundMaterials/Materials/M_YFGM_FrozenGrass.mat using Guid(50a4cc89bae2d744b871b26775165cd0) Importer(815301076,1909f56bfc062723c751e8b465ee728b)  -> (artifact id: 'f5faf0319ed4bf834e69851af20b6f07') in 0.088927 seconds
Number of updated asset objects reloaded before import = 0
Number of asset objects unloaded after import = 4
========================================================================
Received Import Request.
  Time since last request: 0.000070 seconds.
  path: Assets/YughuesFreeGroundMaterials/Materials/M_YFGM_SoilWeeds.mat
  artifactKey: Guid(663c74368d619554fb55032e522ede1c) Importer(815301076,1909f56bfc062723c751e8b465ee728b)
Start importing Assets/YughuesFreeGroundMaterials/Materials/M_YFGM_SoilWeeds.mat using Guid(663c74368d619554fb55032e522ede1c) Importer(815301076,1909f56bfc062723c751e8b465ee728b)  -> (artifact id: '8ac0767225cef3dd70a4f9e62c323bc7') in 0.056877 seconds
Number of updated asset objects reloaded before import = 0
Number of asset objects unloaded after import = 4
========================================================================
Received Import Request.
  Time since last request: 0.000058 seconds.
  path: Assets/YughuesFreeGroundMaterials/Materials/M_YFGM_GrassLeafs02.mat
  artifactKey: Guid(819f33e97450f7648b451ffed5bc5900) Importer(815301076,1909f56bfc062723c751e8b465ee728b)
Start importing Assets/YughuesFreeGroundMaterials/Materials/M_YFGM_GrassLeafs02.mat using Guid(819f33e97450f7648b451ffed5bc5900) Importer(815301076,1909f56bfc062723c751e8b465ee728b)  -> (artifact id: '255dfcf548c5afd2eecf45163fa45022') in 0.062535 seconds
Number of updated asset objects reloaded before import = 0
Number of asset objects unloaded after import = 4
========================================================================
Received Import Request.
  Time since last request: 0.000030 seconds.
  path: Assets/YughuesFreeGroundMaterials/Materials/M_YFGM_Lava.mat
  artifactKey: Guid(a701c06082eb05f449e0d5c05debabc9) Importer(815301076,1909f56bfc062723c751e8b465ee728b)
Start importing Assets/YughuesFreeGroundMaterials/Materials/M_YFGM_Lava.mat using Guid(a701c06082eb05f449e0d5c05debabc9) Importer(815301076,1909f56bfc062723c751e8b465ee728b)  -> (artifact id: 'beb487f1bc8b9cfa38e34ba1248bd08a') in 0.437761 seconds
Number of updated asset objects reloaded before import = 0
Number of asset objects unloaded after import = 4
========================================================================
Received Import Request.
  Time since last request: 476.286428 seconds.
  path: Assets/YughuesFreeGroundMaterials/Textures/T_YFGM_Burnt_e.tga
  artifactKey: Guid(84a4b0bfc992fc84b8f203f84a3587f3) Importer(815301076,1909f56bfc062723c751e8b465ee728b)
Start importing Assets/YughuesFreeGroundMaterials/Textures/T_YFGM_Burnt_e.tga using Guid(84a4b0bfc992fc84b8f203f84a3587f3) Importer(815301076,1909f56bfc062723c751e8b465ee728b)  -> (artifact id: '64715722173201af70086e166987f1d1') in 0.063252 seconds
Number of updated asset objects reloaded before import = 0
Number of asset objects unloaded after import = 2
========================================================================
Received Import Request.
  Time since last request: 0.000098 seconds.
  path: Assets/YughuesFreeGroundMaterials/Textures/T_YFGM_Dry02_d.tga
  artifactKey: Guid(07baef80bd4beb64ba80aa3897d6dde1) Importer(815301076,1909f56bfc062723c751e8b465ee728b)
Start importing Assets/YughuesFreeGroundMaterials/Textures/T_YFGM_Dry02_d.tga using Guid(07baef80bd4beb64ba80aa3897d6dde1) Importer(815301076,1909f56bfc062723c751e8b465ee728b)  -> (artifact id: '10fc2406e89b02021fe951a2e879d480') in 0.051632 seconds
Number of updated asset objects reloaded before import = 0
Number of asset objects unloaded after import = 2
========================================================================
Received Import Request.
  Time since last request: 0.000052 seconds.
  path: Assets/YughuesFreeGroundMaterials/Textures/T_YFGM_Burnt_s.tga
  artifactKey: Guid(1e21ab15dd5f9e3478e2ec24273f2da0) Importer(815301076,1909f56bfc062723c751e8b465ee728b)
Start importing Assets/YughuesFreeGroundMaterials/Textures/T_YFGM_Burnt_s.tga using Guid(1e21ab15dd5f9e3478e2ec24273f2da0) Importer(815301076,1909f56bfc062723c751e8b465ee728b)  -> (artifact id: '83462f788ee6bd664edfe8d132c16594') in 0.066218 seconds
Number of updated asset objects reloaded before import = 0
Number of asset objects unloaded after import = 2
========================================================================
Received Import Request.
  Time since last request: 0.000082 seconds.
  path: Assets/YughuesFreeGroundMaterials/Textures/T_YFGM_Clay_d.tga
  artifactKey: Guid(d9627cf7a5dd45046abbd67f59904894) Importer(815301076,1909f56bfc062723c751e8b465ee728b)
Start importing Assets/YughuesFreeGroundMaterials/Textures/T_YFGM_Clay_d.tga using Guid(d9627cf7a5dd45046abbd67f59904894) Importer(815301076,1909f56bfc062723c751e8b465ee728b)  -> (artifact id: '7c935f04f811a4be1cf7a8c168a94fd1') in 0.058976 seconds
Number of updated asset objects reloaded before import = 0
Number of asset objects unloaded after import = 2
========================================================================
Received Import Request.
  Time since last request: 0.000036 seconds.
  path: Assets/YughuesFreeGroundMaterials/Textures/T_YFGM_FrozenGrass_s.tga
  artifactKey: Guid(a727a2cb790cd24498cf210ad4e87d29) Importer(815301076,1909f56bfc062723c751e8b465ee728b)
Start importing Assets/YughuesFreeGroundMaterials/Textures/T_YFGM_FrozenGrass_s.tga using Guid(a727a2cb790cd24498cf210ad4e87d29) Importer(815301076,1909f56bfc062723c751e8b465ee728b)  -> (artifact id: '3e1a69b803abb08e42935a9e0ce1adf5') in 0.060596 seconds
Number of updated asset objects reloaded before import = 0
Number of asset objects unloaded after import = 2
========================================================================
Received Import Request.
  Time since last request: 0.000040 seconds.
  path: Assets/YughuesFreeGroundMaterials/Textures/T_YFGM_GrassLeafs01_d.tga
  artifactKey: Guid(38df840e9062f9543907232a2ab8d115) Importer(815301076,1909f56bfc062723c751e8b465ee728b)
Start importing Assets/YughuesFreeGroundMaterials/Textures/T_YFGM_GrassLeafs01_d.tga using Guid(38df840e9062f9543907232a2ab8d115) Importer(815301076,1909f56bfc062723c751e8b465ee728b)  -> (artifact id: '01f6d0bd48621b6cc618ad209c353631') in 0.065397 seconds
Number of updated asset objects reloaded before import = 0
Number of asset objects unloaded after import = 2
========================================================================
Received Import Request.
  Time since last request: 0.000067 seconds.
  path: Assets/YughuesFreeGroundMaterials/Textures/T_YFGM_Grass03_s.tga
  artifactKey: Guid(0066ccd09c473314d8c22021a1ec3fb6) Importer(815301076,1909f56bfc062723c751e8b465ee728b)
Start importing Assets/YughuesFreeGroundMaterials/Textures/T_YFGM_Grass03_s.tga using Guid(0066ccd09c473314d8c22021a1ec3fb6) Importer(815301076,1909f56bfc062723c751e8b465ee728b)  -> (artifact id: 'c5a6390c87c6d8dfa5ce2ed377d43e31') in 0.066634 seconds
Number of updated asset objects reloaded before import = 0
Number of asset objects unloaded after import = 2
========================================================================
Received Import Request.
  Time since last request: 0.000075 seconds.
  path: Assets/YughuesFreeGroundMaterials/Textures/T_YFGM_Dry03_n.tga
  artifactKey: Guid(33550cb31f213dd448202e375e4cd6c4) Importer(815301076,1909f56bfc062723c751e8b465ee728b)
Start importing Assets/YughuesFreeGroundMaterials/Textures/T_YFGM_Dry03_n.tga using Guid(33550cb31f213dd448202e375e4cd6c4) Importer(815301076,1909f56bfc062723c751e8b465ee728b)  -> (artifact id: '2609e551e2923fb6a203db4cdfb469f4') in 0.059851 seconds
Number of updated asset objects reloaded before import = 0
Number of asset objects unloaded after import = 2
========================================================================
Received Import Request.
  Time since last request: 0.000061 seconds.
  path: Assets/YughuesFreeGroundMaterials/Textures/T_YFGM_Grass03_d.tga
  artifactKey: Guid(4efac5cc164a90942b104afed71a8ba1) Importer(815301076,1909f56bfc062723c751e8b465ee728b)
Start importing Assets/YughuesFreeGroundMaterials/Textures/T_YFGM_Grass03_d.tga using Guid(4efac5cc164a90942b104afed71a8ba1) Importer(815301076,1909f56bfc062723c751e8b465ee728b)  -> (artifact id: 'df20c9fdc0346beec46151d7a6f669ba') in 0.078674 seconds
Number of updated asset objects reloaded before import = 0
Number of asset objects unloaded after import = 2
========================================================================
Received Import Request.
  Time since last request: 0.000064 seconds.
  path: Assets/YughuesFreeGroundMaterials/Textures/T_YFGM_Grass05_n.tga
  artifactKey: Guid(4efcbd6a9c8b1f247a727222cd3995ae) Importer(815301076,1909f56bfc062723c751e8b465ee728b)
Start importing Assets/YughuesFreeGroundMaterials/Textures/T_YFGM_Grass05_n.tga using Guid(4efcbd6a9c8b1f247a727222cd3995ae) Importer(815301076,1909f56bfc062723c751e8b465ee728b)  -> (artifact id: 'b41b7b9d8dc57406630700e41f4cc376') in 0.063247 seconds
Number of updated asset objects reloaded before import = 0
Number of asset objects unloaded after import = 2
========================================================================
Received Import Request.
  Time since last request: 0.000035 seconds.
  path: Assets/YughuesFreeGroundMaterials/Textures/T_YFGM_Grass03_n.tga
  artifactKey: Guid(1e424af2aacc6ca4ca099f17a5bc27b1) Importer(815301076,1909f56bfc062723c751e8b465ee728b)
Start importing Assets/YughuesFreeGroundMaterials/Textures/T_YFGM_Grass03_n.tga using Guid(1e424af2aacc6ca4ca099f17a5bc27b1) Importer(815301076,1909f56bfc062723c751e8b465ee728b)  -> (artifact id: '54b635ba590168e4b4d4edc81520e605') in 0.058055 seconds
Number of updated asset objects reloaded before import = 0
Number of asset objects unloaded after import = 2
========================================================================
Received Import Request.
  Time since last request: 0.000172 seconds.
  path: Assets/YughuesFreeGroundMaterials/Textures/T_YFGM_Grass01_d.tga
  artifactKey: Guid(db168e2aa82b2d74187069d61792e568) Importer(815301076,1909f56bfc062723c751e8b465ee728b)
Start importing Assets/YughuesFreeGroundMaterials/Textures/T_YFGM_Grass01_d.tga using Guid(db168e2aa82b2d74187069d61792e568) Importer(815301076,1909f56bfc062723c751e8b465ee728b)  -> (artifact id: '41c431520c0ac929e7bb39df02181b86') in 0.067731 seconds
Number of updated asset objects reloaded before import = 0
Number of asset objects unloaded after import = 2
========================================================================
Received Import Request.
  Time since last request: 0.000095 seconds.
  path: Assets/YughuesFreeGroundMaterials/Textures/T_YFGM_Burnt_n.tga
  artifactKey: Guid(a4ca5bebfbb944f4a85c51171f2f3421) Importer(815301076,1909f56bfc062723c751e8b465ee728b)
Start importing Assets/YughuesFreeGroundMaterials/Textures/T_YFGM_Burnt_n.tga using Guid(a4ca5bebfbb944f4a85c51171f2f3421) Importer(815301076,1909f56bfc062723c751e8b465ee728b)  -> (artifact id: '2dad7ec5ac61476bcbde9ca5df5d48ec') in 0.063144 seconds
Number of updated asset objects reloaded before import = 0
Number of asset objects unloaded after import = 2
========================================================================
Received Import Request.
  Time since last request: 0.000029 seconds.
  path: Assets/YughuesFreeGroundMaterials/Textures/T_YFGM_Dry03_d.tga
  artifactKey: Guid(d0a3f503f90a9a343ac856854e0bde83) Importer(815301076,1909f56bfc062723c751e8b465ee728b)
Start importing Assets/YughuesFreeGroundMaterials/Textures/T_YFGM_Dry03_d.tga using Guid(d0a3f503f90a9a343ac856854e0bde83) Importer(815301076,1909f56bfc062723c751e8b465ee728b)  -> (artifact id: 'ded8a8d28f2aff19f42e6596db78ba2d') in 0.057989 seconds
Number of updated asset objects reloaded before import = 0
Number of asset objects unloaded after import = 2
========================================================================
Received Import Request.
  Time since last request: 0.000052 seconds.
  path: Assets/YughuesFreeGroundMaterials/Textures/T_YFGM_Dry01_d.tga
  artifactKey: Guid(b47645ec735cee74b8dc287ec132889b) Importer(815301076,1909f56bfc062723c751e8b465ee728b)
Start importing Assets/YughuesFreeGroundMaterials/Textures/T_YFGM_Dry01_d.tga using Guid(b47645ec735cee74b8dc287ec132889b) Importer(815301076,1909f56bfc062723c751e8b465ee728b)  -> (artifact id: '39090d8ca9641606dbbf757a415c67dd') in 0.064305 seconds
Number of updated asset objects reloaded before import = 0
Number of asset objects unloaded after import = 2
========================================================================
Received Import Request.
  Time since last request: 0.000078 seconds.
  path: Assets/YughuesFreeGroundMaterials/Textures/T_YFGM_Grass01_s.tga
  artifactKey: Guid(c10418a65c9c0bd49a7d940e44e4be84) Importer(815301076,1909f56bfc062723c751e8b465ee728b)
Start importing Assets/YughuesFreeGroundMaterials/Textures/T_YFGM_Grass01_s.tga using Guid(c10418a65c9c0bd49a7d940e44e4be84) Importer(815301076,1909f56bfc062723c751e8b465ee728b)  -> (artifact id: 'c9fd504a3c19df6418a82a1776e19310') in 0.063262 seconds
Number of updated asset objects reloaded before import = 0
Number of asset objects unloaded after import = 2
========================================================================
Received Import Request.
  Time since last request: 0.000309 seconds.
  path: Assets/YughuesFreeGroundMaterials/Textures/T_YFGM_GrassLeafs02_n.tga
  artifactKey: Guid(8df39d8dccecf6e48bdc943b719d0d95) Importer(815301076,1909f56bfc062723c751e8b465ee728b)
Start importing Assets/YughuesFreeGroundMaterials/Textures/T_YFGM_GrassLeafs02_n.tga using Guid(8df39d8dccecf6e48bdc943b719d0d95) Importer(815301076,1909f56bfc062723c751e8b465ee728b)  -> (artifact id: 'ff1a4aa27a622152434010bdc1613850') in 0.064640 seconds
Number of updated asset objects reloaded before import = 0
Number of asset objects unloaded after import = 2
========================================================================
Received Import Request.
  Time since last request: 0.000049 seconds.
  path: Assets/YughuesFreeGroundMaterials/Textures/T_YFGM_Grass04_n.tga
  artifactKey: Guid(0ed30fac3bd6bcb4b871f6c8d1833808) Importer(815301076,1909f56bfc062723c751e8b465ee728b)
Start importing Assets/YughuesFreeGroundMaterials/Textures/T_YFGM_Grass04_n.tga using Guid(0ed30fac3bd6bcb4b871f6c8d1833808) Importer(815301076,1909f56bfc062723c751e8b465ee728b)  -> (artifact id: 'b804a30db2c24c858217444572bb0179') in 0.067369 seconds
Number of updated asset objects reloaded before import = 0
Number of asset objects unloaded after import = 2
========================================================================
Received Import Request.
  Time since last request: 0.000038 seconds.
  path: Assets/YughuesFreeGroundMaterials/Textures/T_YFGM_Grass06_s.tga
  artifactKey: Guid(6ee093493cd3a0646899bd0689c96e69) Importer(815301076,1909f56bfc062723c751e8b465ee728b)
Start importing Assets/YughuesFreeGroundMaterials/Textures/T_YFGM_Grass06_s.tga using Guid(6ee093493cd3a0646899bd0689c96e69) Importer(815301076,1909f56bfc062723c751e8b465ee728b)  -> (artifact id: '1007aed5e6a0afbe63fee18e3118a71f') in 0.058973 seconds
Number of updated asset objects reloaded before import = 0
Number of asset objects unloaded after import = 2
========================================================================
Received Import Request.
  Time since last request: 0.000032 seconds.
  path: Assets/YughuesFreeGroundMaterials/Preview/T_Checker.tga
  artifactKey: Guid(8cddbf286c62e33438853d8aef16bdab) Importer(815301076,1909f56bfc062723c751e8b465ee728b)
Start importing Assets/YughuesFreeGroundMaterials/Preview/T_Checker.tga using Guid(8cddbf286c62e33438853d8aef16bdab) Importer(815301076,1909f56bfc062723c751e8b465ee728b)  -> (artifact id: '4bccf22eadb4419792aff7e17e442b51') in 0.055010 seconds
Number of updated asset objects reloaded before import = 0
Number of asset objects unloaded after import = 2
========================================================================
Received Import Request.
  Time since last request: 0.000058 seconds.
  path: Assets/YughuesFreeGroundMaterials/Preview/M_checker.mat
  artifactKey: Guid(0a3d5cf0c15e01b41b2082cbd7ffee71) Importer(815301076,1909f56bfc062723c751e8b465ee728b)
Start importing Assets/YughuesFreeGroundMaterials/Preview/M_checker.mat using Guid(0a3d5cf0c15e01b41b2082cbd7ffee71) Importer(815301076,1909f56bfc062723c751e8b465ee728b)  -> (artifact id: 'be3fd7d0e6b7e60f43f6d758bc547547') in 0.540310 seconds
Number of updated asset objects reloaded before import = 0
Number of asset objects unloaded after import = 2
========================================================================
Received Import Request.
  Time since last request: 0.000281 seconds.
  path: Assets/YughuesFreeGroundMaterials/Textures/T_YFGM_Dry02_s.tga
  artifactKey: Guid(7b22d0e45c5f87c4eb0b9ed9f7793f5e) Importer(815301076,1909f56bfc062723c751e8b465ee728b)
Start importing Assets/YughuesFreeGroundMaterials/Textures/T_YFGM_Dry02_s.tga using Guid(7b22d0e45c5f87c4eb0b9ed9f7793f5e) Importer(815301076,1909f56bfc062723c751e8b465ee728b)  -> (artifact id: '18317b2d8247870c1fbd7da4eb0aad2a') in 0.077663 seconds
Number of updated asset objects reloaded before import = 0
Number of asset objects unloaded after import = 2
========================================================================
Received Import Request.
  Time since last request: 0.000036 seconds.
  path: Assets/YughuesFreeGroundMaterials/Textures/T_YFGM_Ground01_d.tga
  artifactKey: Guid(e4fb8d46a614f454d8c5486d7cb56dcf) Importer(815301076,1909f56bfc062723c751e8b465ee728b)
Start importing Assets/YughuesFreeGroundMaterials/Textures/T_YFGM_Ground01_d.tga using Guid(e4fb8d46a614f454d8c5486d7cb56dcf) Importer(815301076,1909f56bfc062723c751e8b465ee728b)  -> (artifact id: 'e39186af574dd13305d3e5e95f1e4f77') in 0.060930 seconds
Number of updated asset objects reloaded before import = 0
Number of asset objects unloaded after import = 2
========================================================================
Received Import Request.
  Time since last request: 1902.568021 seconds.
  path: Assets/PolyRonin/Downtown Cars Pack/Prefabs/car-2.prefab
  artifactKey: Guid(b4bbe3b60b9a93e43bcfdb09670b78ff) Importer(815301076,1909f56bfc062723c751e8b465ee728b)
Start importing Assets/PolyRonin/Downtown Cars Pack/Prefabs/car-2.prefab using Guid(b4bbe3b60b9a93e43bcfdb09670b78ff) Importer(815301076,1909f56bfc062723c751e8b465ee728b)  -> (artifact id: 'b24b8d190c3b767c85104679973f4376') in 0.211028 seconds
Number of updated asset objects reloaded before import = 0
Number of asset objects unloaded after import = 31
========================================================================
Received Import Request.
  Time since last request: 0.000040 seconds.
  path: Assets/PolyRonin/Downtown Cars Pack/Prefabs/car-4.prefab
  artifactKey: Guid(d066dda1ee1eb43498afb10da08eaac0) Importer(815301076,1909f56bfc062723c751e8b465ee728b)
Start importing Assets/PolyRonin/Downtown Cars Pack/Prefabs/car-4.prefab using Guid(d066dda1ee1eb43498afb10da08eaac0) Importer(815301076,1909f56bfc062723c751e8b465ee728b)  -> (artifact id: 'e9393fdcfc9a1c8e7aaa1e6d14e3d63d') in 0.029209 seconds
Number of updated asset objects reloaded before import = 0
Number of asset objects unloaded after import = 31
========================================================================
Received Import Request.
  Time since last request: 79.358025 seconds.
  path: Assets/PolyRonin/Downtown Cars Pack/Meshes/car-2.fbx
  artifactKey: Guid(553df57a08c68b2409498befa3c9945d) Importer(815301076,1909f56bfc062723c751e8b465ee728b)
Start importing Assets/PolyRonin/Downtown Cars Pack/Meshes/car-2.fbx using Guid(553df57a08c68b2409498befa3c9945d) Importer(815301076,1909f56bfc062723c751e8b465ee728b)  -> (artifact id: '02d584e22c5b13cd27337fffc64e8aa7') in 0.181606 seconds
Number of updated asset objects reloaded before import = 0
Number of asset objects unloaded after import = 29
========================================================================
Received Import Request.
  Time since last request: 69529.374890 seconds.
  path: Assets/YughuesFreeGroundMaterials/Textures/T_YFGM_Ground02_d.tga
  artifactKey: Guid(5f3d454e328dfca41a98ed7fa2fb5638) Importer(815301076,1909f56bfc062723c751e8b465ee728b)
Start importing Assets/YughuesFreeGroundMaterials/Textures/T_YFGM_Ground02_d.tga using Guid(5f3d454e328dfca41a98ed7fa2fb5638) Importer(815301076,1909f56bfc062723c751e8b465ee728b)  -> (artifact id: 'be18c2346acda60f27befe0b2b35d125') in 0.316943 seconds
Number of updated asset objects reloaded before import = 0
Number of asset objects unloaded after import = 2
========================================================================
Received Import Request.
  Time since last request: 0.002436 seconds.
  path: Assets/YughuesFreeGroundMaterials/Textures/T_YFGM_GroundStones01_s.tga
  artifactKey: Guid(0e528efe9854fd94ba3249f3c0638b4b) Importer(815301076,1909f56bfc062723c751e8b465ee728b)
Start importing Assets/YughuesFreeGroundMaterials/Textures/T_YFGM_GroundStones01_s.tga using Guid(0e528efe9854fd94ba3249f3c0638b4b) Importer(815301076,1909f56bfc062723c751e8b465ee728b)  -> (artifact id: '23920271291ddefba65de43a3f9b46e7') in 0.093074 seconds
Number of updated asset objects reloaded before import = 0
Number of asset objects unloaded after import = 2
========================================================================
Received Import Request.
  Time since last request: 0.000089 seconds.
  path: Assets/YughuesFreeGroundMaterials/Textures/T_YFGM_Mars_s.tga
  artifactKey: Guid(89101dc700039b842bba61c2b4376af9) Importer(815301076,1909f56bfc062723c751e8b465ee728b)
Start importing Assets/YughuesFreeGroundMaterials/Textures/T_YFGM_Mars_s.tga using Guid(89101dc700039b842bba61c2b4376af9) Importer(815301076,1909f56bfc062723c751e8b465ee728b)  -> (artifact id: '2af874cce802f386daf03780a88b6ef6') in 0.071793 seconds
Number of updated asset objects reloaded before import = 0
Number of asset objects unloaded after import = 2
========================================================================
Received Import Request.
  Time since last request: 0.000212 seconds.
  path: Assets/YughuesFreeGroundMaterials/Textures/T_YFGM_GroundStones01_d.tga
  artifactKey: Guid(58eafd7dabf9e644e96459eef4ad30ba) Importer(815301076,1909f56bfc062723c751e8b465ee728b)
Start importing Assets/YughuesFreeGroundMaterials/Textures/T_YFGM_GroundStones01_d.tga using Guid(58eafd7dabf9e644e96459eef4ad30ba) Importer(815301076,1909f56bfc062723c751e8b465ee728b)  -> (artifact id: 'a09e0f6782ee292c62ce4d5955955db8') in 0.066823 seconds
Number of updated asset objects reloaded before import = 0
Number of asset objects unloaded after import = 2
========================================================================
Received Import Request.
  Time since last request: 0.000036 seconds.
  path: Assets/YughuesFreeGroundMaterials/Textures/T_YFGM_Salt_n.tga
  artifactKey: Guid(d24694a408677f1428c9bb23f20e6beb) Importer(815301076,1909f56bfc062723c751e8b465ee728b)
Start importing Assets/YughuesFreeGroundMaterials/Textures/T_YFGM_Salt_n.tga using Guid(d24694a408677f1428c9bb23f20e6beb) Importer(815301076,1909f56bfc062723c751e8b465ee728b)  -> (artifact id: 'c51c19f017c947c84de91fdd76028e50') in 0.075286 seconds
Number of updated asset objects reloaded before import = 0
Number of asset objects unloaded after import = 2
========================================================================
Received Import Request.
  Time since last request: 0.000054 seconds.
  path: Assets/YughuesFreeGroundMaterials/Textures/T_YFGM_Lava_s.tga
  artifactKey: Guid(dd3e12e5c2091284ca2f0d79eeb0401f) Importer(815301076,1909f56bfc062723c751e8b465ee728b)
Start importing Assets/YughuesFreeGroundMaterials/Textures/T_YFGM_Lava_s.tga using Guid(dd3e12e5c2091284ca2f0d79eeb0401f) Importer(815301076,1909f56bfc062723c751e8b465ee728b)  -> (artifact id: '0df024e4fd4b1d16fb1c616998f2c987') in 0.111485 seconds
Number of updated asset objects reloaded before import = 0
Number of asset objects unloaded after import = 2
========================================================================
Received Import Request.
  Time since last request: 0.000070 seconds.
  path: Assets/YughuesFreeGroundMaterials/Textures/T_YFGM_Mars_d.tga
  artifactKey: Guid(7c61c5b95e07eea4e82b324a3b83e838) Importer(815301076,1909f56bfc062723c751e8b465ee728b)
Start importing Assets/YughuesFreeGroundMaterials/Textures/T_YFGM_Mars_d.tga using Guid(7c61c5b95e07eea4e82b324a3b83e838) Importer(815301076,1909f56bfc062723c751e8b465ee728b)  -> (artifact id: '8eb233b5d3ca768468974524a32ffa3b') in 0.074717 seconds
Number of updated asset objects reloaded before import = 0
Number of asset objects unloaded after import = 2
========================================================================
Received Import Request.
  Time since last request: 0.000042 seconds.
  path: Assets/YughuesFreeGroundMaterials/Textures/T_YFGM_GroundStones02_n.tga
  artifactKey: Guid(0cc1f3f3813e841468c590bb0a716d1b) Importer(815301076,1909f56bfc062723c751e8b465ee728b)
Start importing Assets/YughuesFreeGroundMaterials/Textures/T_YFGM_GroundStones02_n.tga using Guid(0cc1f3f3813e841468c590bb0a716d1b) Importer(815301076,1909f56bfc062723c751e8b465ee728b)  -> (artifact id: 'c90e2b15d4f27eb070020013f434c440') in 0.098783 seconds
Number of updated asset objects reloaded before import = 0
Number of asset objects unloaded after import = 2
========================================================================
Received Import Request.
  Time since last request: 0.000051 seconds.
  path: Assets/YughuesFreeGroundMaterials/Textures/T_YFGM_Ground02_s.tga
  artifactKey: Guid(689f9767c1208dc4b822047799e1cac6) Importer(815301076,1909f56bfc062723c751e8b465ee728b)
Start importing Assets/YughuesFreeGroundMaterials/Textures/T_YFGM_Ground02_s.tga using Guid(689f9767c1208dc4b822047799e1cac6) Importer(815301076,1909f56bfc062723c751e8b465ee728b)  -> (artifact id: 'b03701dbf924bec7d72b7ab75ae6e474') in 0.088608 seconds
Number of updated asset objects reloaded before import = 0
Number of asset objects unloaded after import = 2
========================================================================
Received Import Request.
  Time since last request: 0.000028 seconds.
  path: Assets/YughuesFreeGroundMaterials/Textures/T_YFGM_Ground02_n.tga
  artifactKey: Guid(30dd991123ad4284ebc76bef63294e99) Importer(815301076,1909f56bfc062723c751e8b465ee728b)
Start importing Assets/YughuesFreeGroundMaterials/Textures/T_YFGM_Ground02_n.tga using Guid(30dd991123ad4284ebc76bef63294e99) Importer(815301076,1909f56bfc062723c751e8b465ee728b)  -> (artifact id: '5e9fce6a5f181594f2de05840656cbe1') in 0.079326 seconds
Number of updated asset objects reloaded before import = 0
Number of asset objects unloaded after import = 2
========================================================================
Received Import Request.
  Time since last request: 1132.948854 seconds.
  path: Assets/YughuesFreeGroundMaterials/Preview/Sc_Preview/Lightmap-0_comp_light.exr
  artifactKey: Guid(89d714fb88a52bc4fbef0ccfa9303bd8) Importer(815301076,1909f56bfc062723c751e8b465ee728b)
Start importing Assets/YughuesFreeGroundMaterials/Preview/Sc_Preview/Lightmap-0_comp_light.exr using Guid(89d714fb88a52bc4fbef0ccfa9303bd8) Importer(815301076,1909f56bfc062723c751e8b465ee728b)  -> (artifact id: '34b42a8816f4ef052aa7dcb79a4b0d41') in 0.235736 seconds
Number of updated asset objects reloaded before import = 0
Number of asset objects unloaded after import = 2
========================================================================
Received Import Request.
  Time since last request: 1.374005 seconds.
  path: Packages/com.unity.textmeshpro/Editor Resources/Textures/btn_AlignBaseLine.psd
  artifactKey: Guid(8bc445bb79654bf496c92d0407840a92) Importer(815301076,1909f56bfc062723c751e8b465ee728b)
Start importing Packages/com.unity.textmeshpro/Editor Resources/Textures/btn_AlignBaseLine.psd using Guid(8bc445bb79654bf496c92d0407840a92) Importer(815301076,1909f56bfc062723c751e8b465ee728b)  -> (artifact id: '6254594b98fb2681108be178b8ccad14') in 0.053196 seconds
Number of updated asset objects reloaded before import = 0
Number of asset objects unloaded after import = 2
========================================================================
Received Import Request.
  Time since last request: 9.663860 seconds.
  path: Assets/YughuesFreeGroundMaterials/Preview/Sc_Preview/ReflectionProbe-1.exr
  artifactKey: Guid(745d24c2752eeb94292e6bcab0633ec7) Importer(815301076,1909f56bfc062723c751e8b465ee728b)
Start importing Assets/YughuesFreeGroundMaterials/Preview/Sc_Preview/ReflectionProbe-1.exr using Guid(745d24c2752eeb94292e6bcab0633ec7) Importer(815301076,1909f56bfc062723c751e8b465ee728b)  -> (artifact id: '416bd1b4eb75fc9edc75ee6ad14f8db9') in 0.177770 seconds
Number of updated asset objects reloaded before import = 0
Number of asset objects unloaded after import = 1
========================================================================
Received Import Request.
  Time since last request: 3325.952742 seconds.
  path: Assets/YughuesFreeGroundMaterials/Materials/NewLayer 1.terrainlayer
  artifactKey: Guid(1cb2fc89ca0fcbf4b95647d18b62f7ac) Importer(815301076,1909f56bfc062723c751e8b465ee728b)
Start importing Assets/YughuesFreeGroundMaterials/Materials/NewLayer 1.terrainlayer using Guid(1cb2fc89ca0fcbf4b95647d18b62f7ac) Importer(815301076,1909f56bfc062723c751e8b465ee728b)  -> (artifact id: 'ef6aa4645441fab04831174753e0c412') in 0.100854 seconds
Number of updated asset objects reloaded before import = 0
Number of asset objects unloaded after import = 2
========================================================================
Received Import Request.
  Time since last request: 0.002184 seconds.
  path: Assets/YughuesFreeGroundMaterials/Materials/NewLayer 2.terrainlayer
  artifactKey: Guid(e181b08929bbfe44cab4e2116780173a) Importer(815301076,1909f56bfc062723c751e8b465ee728b)
Start importing Assets/YughuesFreeGroundMaterials/Materials/NewLayer 2.terrainlayer using Guid(e181b08929bbfe44cab4e2116780173a) Importer(815301076,1909f56bfc062723c751e8b465ee728b)  -> (artifact id: 'ab0bf639279f0fff3988721a13efe614') in 0.037021 seconds
Number of updated asset objects reloaded before import = 0
Number of asset objects unloaded after import = 2
